[2018-04-17 15:21:53] Page Visits.INFO: User requested info about all unicorns [] []
[2018-04-17 15:21:55] Page Visits.INFO: User visited unicorn.php to search for a unicorn [] []
[2018-04-17 15:21:58] Page Visits.INFO: User requested info about Indisk enhörning [] []
[2018-04-17 15:22:00] Page Visits.INFO: User requested info about all unicorns [] []
[2018-04-17 15:22:02] Page Visits.INFO: User requested info about Tordönsenhörning [] []
[2018-04-17 15:54:01] Page Visits.INFO: User requested info about all unicorns [] []
[2018-04-17 15:55:11] Page Visits.INFO: User requested info about all unicorns [] []
[2018-04-17 16:00:46] Page Visits.INFO: User requested info about all unicorns [] []
[2018-04-17 16:00:56] Page Visits.INFO: User requested info about all unicorns [] []
[2018-04-17 16:01:03] Page Visits.INFO: User visited unicorn.php to search for a unicorn [] []
[2018-04-17 16:01:04] Page Visits.INFO: User requested info about all unicorns [] []
[2018-04-17 16:01:12] Page Visits.INFO: User requested info about all unicorns [] []
[2018-04-17 16:01:18] Page Visits.INFO: User visited unicorn.php to search for a unicorn [] []
[2018-04-17 16:01:22] Page Visits.INFO: User requested info about Indisk enhörning [] []
[2018-04-17 16:01:25] Page Visits.INFO: User requested info about all unicorns [] []
[2018-04-17 16:03:25] Page Visits.INFO: User requested info about all unicorns [] []
[2018-04-17 16:03:39] Page Visits.INFO: User requested info about all unicorns [] []
[2018-04-17 16:03:55] Page Visits.INFO: User visited unicorn.php to search for a unicorn [] []
[2018-04-17 16:03:57] Page Visits.INFO: User requested info about all unicorns [] []
[2018-04-17 16:05:14] Page Visits.INFO: User requested info about all unicorns [] []
[2018-04-17 16:05:16] Page Visits.INFO: User requested info about all unicorns [] []
[2018-04-17 16:06:19] Page Visits.INFO: User requested info about all unicorns [] []
[2018-04-17 16:06:26] Page Visits.INFO: User requested info about Nordsvensk travhörning [] []
[2018-04-17 16:06:30] Page Visits.INFO: User requested info about Indisk enhörning [] []
[2018-04-17 16:06:35] Page Visits.INFO: User requested info about Fransk vågman [] []
[2018-04-17 16:06:41] Page Visits.INFO: User visited unicorn.php to search for a unicorn [] []
[2018-04-17 16:06:44] Page Visits.INFO: User requested info about a unicorn with an id that did not exist [] []
[2018-04-17 16:07:33] Page Visits.INFO: User requested info about a unicorn with an id that did not exist [] []
[2018-04-17 16:10:07] Page Visits.INFO: User requested info about a unicorn with an id that did not exist [] []
[2018-04-17 16:10:38] Page Visits.INFO: User requested info about a unicorn with an id that did not exist [] []
[2018-04-17 16:10:42] Page Visits.INFO: User requested info about all unicorns [] []
[2018-04-17 16:10:44] Page Visits.INFO: User visited unicorn.php to search for a unicorn [] []
[2018-04-17 16:10:51] Page Visits.INFO: User requested info about all unicorns [] []
[2018-04-17 16:11:37] Page Visits.INFO: User requested info about all unicorns [] []
[2018-04-17 16:12:14] Page Visits.INFO: User requested info about all unicorns [] []
[2018-04-17 16:12:23] Page Visits.INFO: User requested info about all unicorns [] []
[2018-04-17 16:13:08] Page Visits.INFO: User requested info about all unicorns [] []
[2018-04-17 16:13:26] Page Visits.INFO: User requested info about all unicorns [] []
[2018-04-17 16:13:42] Page Visits.INFO: User requested info about all unicorns [] []
[2018-04-17 16:14:28] Page Visits.INFO: User requested info about all unicorns [] []
[2018-04-17 16:14:35] Page Visits.INFO: User visited unicorn.php to search for a unicorn [] []
[2018-04-17 16:15:19] Page Visits.INFO: User requested info about all unicorns [] []
[2018-04-17 16:15:23] Page Visits.INFO: User visited unicorn.php to search for a unicorn [] []
[2018-04-17 16:15:55] Page Visits.INFO: User visited unicorn.php to search for a unicorn [] []
[2018-04-17 16:15:57] Page Visits.INFO: User visited unicorn.php to search for a unicorn [] []
[2018-04-17 16:15:58] Page Visits.INFO: User requested info about all unicorns [] []
[2018-04-17 16:16:03] Page Visits.INFO: User visited unicorn.php to search for a unicorn [] []
[2018-04-17 16:16:05] Page Visits.INFO: User requested info about Indisk enhörning [] []
[2018-04-17 16:16:09] Page Visits.INFO: User requested info about a unicorn with an id that did not exist [] []
[2018-04-17 16:16:14] Page Visits.INFO: User requested info about all unicorns [] []
